<?xml version="1.0" encoding="UTF-8"?>
<!-- Generated by org.testng.reporters.JUnitXMLReporter -->
<testsuite ignored="0" hostname="LAPTOP-76FCKB0P" failures="0" tests="3" name="Test" time="0.13" errors="0" timestamp="2021-08-31T14:48:23 IST">
  <testcase classname="bhushandhande.Mavenjava4.SeleniumTest" name="Selenium1Test" time="0.022"/>
  <testcase classname="bhushandhande.Mavenjava4.AppiumTest" name="appiumTest" time="0.002"/>
  <testcase classname="bhushandhande.Mavenjava4.AppTest" name="bhushan" time="0.002"/>
</testsuite> <!-- Test -->
