<?xml version="1.0" encoding="UTF-8"?>
<testng-results ignored="0" total="2" passed="2" failed="0" skipped="0">
  <reporter-output>
  </reporter-output>
  <suite started-at="2021-08-31T13:18:39 IST" name="Suite" finished-at="2021-08-31T13:18:39 IST" duration-ms="45">
    <groups>
    </groups>
    <test started-at="2021-08-31T13:18:39 IST" name="Test" finished-at="2021-08-31T13:18:39 IST" duration-ms="45">
      <class name="bhushandhande.Mavenjava4.AppTest">
        <test-method signature="bhushan()[pri:0, instance:bhushandhande.Mavenjava4.AppTest@55a1c291]" started-at="2021-08-31T13:18:39 IST" name="bhushan" finished-at="2021-08-31T13:18:39 IST" duration-ms="0" status="PASS">
          <reporter-output>
          </reporter-output>
        </test-method> <!-- bhushan -->
      </class> <!-- bhushandhande.Mavenjava4.AppTest -->
      <class name="bhushandhande.Mavenjava4.SeleniumTest">
        <test-method signature="Selenium1Test()[pri:0, instance:bhushandhande.Mavenjava4.SeleniumTest@64c87930]" started-at="2021-08-31T13:18:39 IST" name="Selenium1Test" finished-at="2021-08-31T13:18:39 IST" duration-ms="5" status="PASS">
          <reporter-output>
          </reporter-output>
        </test-method> <!-- Selenium1Test -->
      </class> <!-- bhushandhande.Mavenjava4.SeleniumTest -->
    </test> <!-- Test -->
  </suite> <!-- Suite -->
</testng-results>
