<?xml version="1.0" encoding="UTF-8"?>
<testng-results ignored="0" total="3" passed="3" failed="0" skipped="0">
  <reporter-output>
  </reporter-output>
  <suite started-at="2021-08-31T14:48:22 IST" name="Suite" finished-at="2021-08-31T14:48:23 IST" duration-ms="130">
    <groups>
    </groups>
    <test started-at="2021-08-31T14:48:22 IST" name="Test" finished-at="2021-08-31T14:48:23 IST" duration-ms="130">
      <class name="bhushandhande.Mavenjava4.AppiumTest">
        <test-method signature="appiumTest()[pri:0, instance:bhushandhande.Mavenjava4.AppiumTest@26275bef]" started-at="2021-08-31T14:48:23 IST" name="appiumTest" finished-at="2021-08-31T14:48:23 IST" duration-ms="2" status="PASS">
          <reporter-output>
          </reporter-output>
        </test-method> <!-- appiumTest -->
      </class> <!-- bhushandhande.Mavenjava4.AppiumTest -->
      <class name="bhushandhande.Mavenjava4.AppTest">
        <test-method signature="bhushan()[pri:0, instance:bhushandhande.Mavenjava4.AppTest@7690781]" started-at="2021-08-31T14:48:23 IST" name="bhushan" finished-at="2021-08-31T14:48:23 IST" duration-ms="2" status="PASS">
          <reporter-output>
          </reporter-output>
        </test-method> <!-- bhushan -->
      </class> <!-- bhushandhande.Mavenjava4.AppTest -->
      <class name="bhushandhande.Mavenjava4.SeleniumTest">
        <test-method signature="Selenium1Test()[pri:0, instance:bhushandhande.Mavenjava4.SeleniumTest@2beee7ff]" started-at="2021-08-31T14:48:23 IST" name="Selenium1Test" finished-at="2021-08-31T14:48:23 IST" duration-ms="22" status="PASS">
          <reporter-output>
          </reporter-output>
        </test-method> <!-- Selenium1Test -->
      </class> <!-- bhushandhande.Mavenjava4.SeleniumTest -->
    </test> <!-- Test -->
  </suite> <!-- Suite -->
</testng-results>
